total 1692
-rw-r--r--  1 chandrashekar staff  9856 Sep 27  2018 IPython_Log_2018_09_27.log
-rw-r--r--  1 chandrashekar staff  9823 Oct  9  2018 IPython_Log_2018_10_09.log
-rw-r--r--  1 chandrashekar staff 10378 Dec  3  2018 IPython_Log_2018_12_03.log
-rw-r--r--  1 chandrashekar staff  8613 Jan  9  2019 IPython_Log_2019_01_09.log
-rw-r--r--  1 chandrashekar staff  8648 Apr  1  2019 IPython_Log_2019_04_01.log
-rw-r--r--  1 chandrashekar staff  7380 Jun  6  2019 IPython_Log_2019_06_06.log
-rw-r--r--  1 chandrashekar staff  9630 Jul 11  2019 IPython_Log_2019_07_11.log
-rw-r--r--  1 chandrashekar staff  1608 Jun 25 10:15 IPython_Log_2020_06_25.log
drwxr-xr-x  4 chandrashekar staff   128 Oct 17  2019 __pycache__
-rw-r--r--  1 chandrashekar staff   140 Oct  9  2018 a.txt
-rw-r--r--  1 chandrashekar staff   359 Aug 20  2018 automate_bc.py
-rw-r--r--  1 chandrashekar staff   652 Aug 20  2018 automate_bc_threads.py
-rw-r--r--  1 chandrashekar staff   387 Jan 23 14:18 automate_login.py
-rw-r--r--  1 chandrashekar staff   514 May 31  2018 automate_login_filter.py
-rw-r--r--  1 chandrashekar staff   297 Jan 24  2018 automate_sort.py
-rw-r--r--  1 chandrashekar staff    48 Sep 27  2018 bc.input
-rw-r--r--  1 chandrashekar staff    12 Sep 27  2018 bc.result
-rw-r--r--  1 chandrashekar staff   280 May 31  2018 bc_automate.py
-rw-r--r--  1 chandrashekar staff    31 Jun  6  2019 bc_commands.txt
-rw-r--r--  1 chandrashekar staff   112 Oct  3  2017 bc_input.py
-rw-r--r--  1 chandrashekar staff   211 Dec 20  2017 bc_input_output.py
-rw-r--r--  1 chandrashekar staff   255 Nov 16  2017 bc_redirect_input.py
-rw-r--r--  1 chandrashekar staff   276 Aug 20  2018 calc_automate.py
-rw-r--r--  1 chandrashekar staff   285 Oct  3  2017 calc_communicate.py
-rw-r--r--  1 chandrashekar staff   196 Mar 22  2018 calc_expr.py
-rw-r--r--  1 chandrashekar staff   327 Jul 12  2017 calc_pi.py
-rw-r--r--  1 chandrashekar staff   261 Jun  6  2019 calc_pi_time.py
-rw-r--r--  1 chandrashekar staff   271 Jun  6  2019 calc_pi_time_old.py
-rw-r--r--  1 chandrashekar staff   260 Jan 23 11:47 calc_square.py
-rw-r--r--  1 chandrashekar staff   281 Oct  3  2017 calc_wrapper.py
-rw-r--r--  1 chandrashekar staff   994 Dec 20  2017 calc_wrapper_threaded.py
-rw-r--r--  1 chandrashekar staff     0 Sep 30  2019 captu
-rw-r--r--  1 chandrashekar staff   139 Sep 30  2019 capture_input.py
-rw-r--r--  1 chandrashekar staff   163 Sep 30  2019 capture_ls_output.py
-rw-r--r--  1 chandrashekar staff  1283 Aug 20  2018 capture_output.py
-rw-r--r--  1 chandrashekar staff   386 Sep 30  2019 capture_output_and_filter.py
-rwxr-xr-x  1 chandrashekar staff   340 Jun 21  2018 capture_progress.py
-rw-r--r--  1 chandrashekar staff   196 Jun  6  2019 capture_script_output.py
-rw-r--r--  1 chandrashekar staff    66 Jun  6  2019 capture_sort_output.py
-rwxr-xr-x  1 chandrashekar staff   101 Aug 20  2018 child_process.py
-rw-r--r--  1 chandrashekar staff    58 Nov 16  2017 class_transform.py
-rw-r--r--  1 chandrashekar staff   238 Aug 20  2018 cmdlist.yml
-rw-r--r--  1 chandrashekar staff    91 Nov 27  2019 command.out
-rw-r--r--  1 chandrashekar staff   313 Sep 30  2019 command_shell.py
-rw-r--r--  1 chandrashekar staff   445 Oct 17  2019 command_utils.py
-rw-r--r--  1 chandrashekar staff   512 Sep 30  2019 command_utils_old.py
-rw-r--r--  1 chandrashekar staff   370 Jan 24  2018 commands.yml
-rw-r--r--  1 chandrashekar staff   275 Sep 28  2017 copy_many_files_sftp.py
-rw-r--r--  1 chandrashekar staff   513 Mar 22  2018 count_lines.py
-rwxr-xr-x  1 chandrashekar staff   113 Nov 27  2019 counter.py
-rwxr-xr-x  1 chandrashekar staff    73 Nov 27  2019 counter.sh
-rwxr-xr-x  1 chandrashekar staff    95 Jan 24  2018 countloop.sh
-rw-r--r--  1 chandrashekar staff   243 Dec  1  2017 data.json
-rw-r--r--  1 chandrashekar staff   653 Aug 20  2018 dirsize.py
-rw-r--r--  1 chandrashekar staff   261 Jul 19  2017 dirsize.sh
-rw-r--r--  1 chandrashekar staff   951 Jan 23 09:14 dirsize_exercise.py
-rw-r--r--  1 chandrashekar staff   890 Sep 30  2019 dirsize_solution.py
-rw-r--r--  1 chandrashekar staff  1111 Sep 27  2017 dirsize_solution_comprehension.py
-rw-r--r--  1 chandrashekar staff  1004 Sep 30  2019 dirsize_solution_python3.py
-rw-r--r--  1 chandrashekar staff   461 Aug 20  2018 download_file.py
-rw-r--r--  1 chandrashekar staff   196 Sep 30  2019 download_xml.yml
-rw-r--r--  1 chandrashekar staff   210 Sep 30  2019 download_xml2.yml
-rwxr-xr-x  1 chandrashekar staff   218 Jun  6  2019 dummy_script.py
drwxr-xr-x 17 chandrashekar staff   544 Jan 10  2019 email
-rwxr-xr-x  1 chandrashekar staff   104 Aug 20  2018 env_test.py
drwxr-xr-x 52 chandrashekar staff  1664 Aug 20  2018 expect
-rw-r--r--  1 chandrashekar staff   516 Oct  9  2018 extract_output.py
-rwxr-xr-x  1 chandrashekar staff    94 Jul 12  2018 fast_script.sh
-rw-r--r--  1 chandrashekar staff   519 May 31  2018 filter_output.py
-rw-r--r--  1 chandrashekar staff    54 Oct 17  2019 fruits.txt
-rw-r--r--  1 chandrashekar staff   503 Jun 21  2018 ftp_autologin.py
-rw-r--r--  1 chandrashekar staff   668 Sep 27  2017 ftp_autologin2.py
-rw-r--r--  1 chandrashekar staff   207 Dec  3  2018 ftp_commands.yml
-rw-r--r--  1 chandrashekar staff   396 Sep 27  2017 ftp_download.py
-rw-r--r--  1 chandrashekar staff   338 May 31  2018 ftp_download_file.py
-rw-r--r--  1 chandrashekar staff   580 Jun 21  2018 ftp_download_pexpect.py
-rw-r--r--  1 chandrashekar staff   626 Sep 27  2017 ftp_download_structured.py
-rw-r--r--  1 chandrashekar staff   639 Jul 12  2018 ftp_download_test_pexpect.py
-rw-r--r--  1 chandrashekar staff   716 Dec 20  2017 ftp_expect_better.py
-rw-r--r--  1 chandrashekar staff   808 Dec 20  2017 ftp_expect_test.py
-rw-r--r--  1 chandrashekar staff 33065 Jan 23 13:21 ftp_pexpect.log
-rw-r--r--  1 chandrashekar staff   735 Nov 30  2017 ftp_pexpect.py
-rw-r--r--  1 chandrashekar staff   486 Apr  1  2019 ftp_pexpect_example.py
-rw-r--r--  1 chandrashekar staff   641 Apr  1  2019 ftp_pexpect_example_better.py
-rw-r--r--  1 chandrashekar staff   532 Apr  1  2019 ftp_session.log
-rw-r--r--  1 chandrashekar staff   133 Jan 23 12:35 ftp_session.yml
-rw-r--r--  1 chandrashekar staff 33163 Jan 23 14:15 ftp_transcript.log
-rw-r--r--  1 chandrashekar staff   520 May 31  2018 ftp_upload_file.py
-rw-r--r--  1 chandrashekar staff   410 Sep 27  2018 ftpsession.log
drwxr-xr-x 12 chandrashekar staff   384 Nov 27  2019 ftptest
-rw-r--r--  1 chandrashekar staff  1489 Apr  1  2019 get_ip.py
-rw-r--r--  1 chandrashekar staff   355 Oct 17  2019 get_ip_addr.py
-rw-r--r--  1 chandrashekar staff   343 Jul 12  2018 get_ip_addr_macos.py
-rw-r--r--  1 chandrashekar staff   331 Nov 27  2019 get_ip_addr_simple.py
-rw-r--r--  1 chandrashekar staff   580 Nov 16  2017 get_ip_address.py
-rw-r--r--  1 chandrashekar staff   319 Sep 30  2019 get_ip_address_simple.py
-rw-r--r--  1 chandrashekar staff   161 Sep 27  2018 get_ip_better.py
-rw-r--r--  1 chandrashekar staff   226 May 31  2018 get_ip_exercise.txt
-rw-r--r--  1 chandrashekar staff   312 Jul 12  2017 get_ip_mac.py
-rw-r--r--  1 chandrashekar staff   201 Jul 12  2017 get_ip_mac_old.py
-rw-r--r--  1 chandrashekar staff  1458 Jun  6  2019 get_ip_macos.py
-rw-r--r--  1 chandrashekar staff   368 May 31  2018 get_ip_re.py
-rw-r--r--  1 chandrashekar staff   313 Jul 12  2017 get_ip_windows.py
-rw-r--r--  1 chandrashekar staff   325 Dec 20  2017 get_ipaddr.py
-rw-r--r--  1 chandrashekar staff   716 Jul 11  2019 get_ipaddr_generic.py
-rw-r--r--  1 chandrashekar staff   542 Jul 11  2019 get_ipaddr_macos.py
-rw-r--r--  1 chandrashekar staff   343 Nov 30  2017 get_ipv4.py
-rw-r--r--  1 chandrashekar staff   275 Jan 23 10:22 get_ipv4_address.py
-rw-r--r--  1 chandrashekar staff   247 Jan 24  2018 get_mac_ip.py
-rw-r--r--  1 chandrashekar staff   196 Jun 21  2018 get_password.py
-rw-r--r--  1 chandrashekar staff   247 Jan 24  2018 get_windows_ip.py
-rw-r--r--  1 chandrashekar staff    76 Oct  9  2018 getinput.py
-rw-r--r--  1 chandrashekar staff   608 Jun 21  2018 getip_regex.py
-rw-r--r--  1 chandrashekar staff   309 Jun 21  2018 getipaddr.py
-rw-r--r--  1 chandrashekar staff   333 Oct  9  2018 getipaddr_macos.py
-rw-r--r--  1 chandrashekar staff   346 Oct  9  2018 getipaddr_macos_new.py
-rw-r--r--  1 chandrashekar staff   323 Aug 20  2018 getipaddr_macos_re.py
-rw-r--r--  1 chandrashekar staff 48815 Jun 25 10:08 index.html
-rw-r--r--  1 chandrashekar staff 48815 Jun 25 10:09 index.html.1
-rw-r--r--  1 chandrashekar staff 48815 Jun 25 10:09 index.html.2
-rw-r--r--  1 chandrashekar staff   382 Jul 12  2018 insecure_exec.py
-rw-r--r--  1 chandrashekar staff 60560 Jan 23 16:02 ipython_log.log
-rw-r--r--  1 chandrashekar staff  4361 Aug 20  2018 ipython_log.py
-rw-r--r--  1 chandrashekar staff    20 Oct 17  2019 issue
-rw-r--r--  1 chandrashekar staff   356 Dec 20  2017 log_search.py
-rwxr-xr-x  1 chandrashekar staff    68 Nov 27  2019 long_script.sh
-rwxr-xr-x  1 chandrashekar staff    77 Oct  3  2017 loop.sh
-rw-r--r--  1 chandrashekar staff    54 Oct 17  2019 ls.err
-rw-r--r--  1 chandrashekar staff     0 Jun 25 10:18 ls.out
-rw-r--r--  1 chandrashekar staff   197 Nov 30  2017 ls_capture_output.py
-rw-r--r--  1 chandrashekar staff   265 Aug 20  2018 ls_get_output.py
-rw-r--r--  1 chandrashekar staff   190 Nov 27  2019 ls_output.py
-rw-r--r--  1 chandrashekar staff   218 Sep  7  2017 ls_recursive.py
-rw-r--r--  1 chandrashekar staff   272 Aug 20  2018 ls_redir.py
-rw-r--r--  1 chandrashekar staff   195 Aug 20  2018 ls_redir_merge.py
-rw-r--r--  1 chandrashekar staff   241 Aug 20  2018 ls_redir_silent.py
-rw-r--r--  1 chandrashekar staff   173 Dec 20  2017 ls_redirect_output.py
-rw-r--r--  1 chandrashekar staff   171 Jul 12  2017 ls_wc.py
-rw-r--r--  1 chandrashekar staff   741 Sep 30  2019 lsoutput.log
-rw-r--r--  1 chandrashekar staff    36 Jul 11  2019 mydata.out
-rwxr-xr-x  1 chandrashekar staff    56 Dec 20  2017 myscript.sh
-rw-r--r--  1 chandrashekar staff    39 Jul 11  2019 names.txt
-rw-r--r--  1 chandrashekar staff    78 Nov 30  2017 os_system.py
-rw-r--r--  1 chandrashekar staff    99 Sep  7  2017 os_system_ls.py
-rw-r--r--  1 chandrashekar staff   370 Jul 12  2017 os_walk.py
-rw-r--r--  1 chandrashekar staff    54 Nov 27  2019 output.txt
-rw-r--r--  1 chandrashekar staff  1763 Jan 23 15:56 p.txt
drwxr-xr-x 12 chandrashekar staff   384 Oct 18  2019 parallel_ssh
drwxr-xr-x 90 chandrashekar staff  2880 Sep 30  2019 paramiko
-rw-r--r--  1 chandrashekar staff   525 Dec  3  2018 parse_command_output.py
-rw-r--r--  1 chandrashekar staff   510 Nov 27  2019 parse_output.py
-rw-r--r--  1 chandrashekar staff   262 Apr  1  2019 parse_syslog_errors.py
-rw-r--r--  1 chandrashekar staff  1873 Oct 17  2019 passwd
-rw-r--r--  1 chandrashekar staff  4324 Jul 11  2019 pexpect.log
-rw-r--r--  1 chandrashekar staff   752 Oct  9  2018 pexpect_automate.py
-rw-r--r--  1 chandrashekar staff   346 May 31  2018 pexpect_command_test.py
-rw-r--r--  1 chandrashekar staff   319 Sep 30  2019 pexpect_download_ftp_example.py
-rw-r--r--  1 chandrashekar staff   304 Jun  6  2019 pexpect_expect_list_example.py
-rw-r--r--  1 chandrashekar staff   339 Jul 11  2019 pexpect_ftp.log
-rw-r--r--  1 chandrashekar staff   587 Nov 27  2019 pexpect_ftp_autologin.py
-rw-r--r--  1 chandrashekar staff   814 Jul 12  2018 pexpect_ftp_better.py
-rw-r--r--  1 chandrashekar staff   708 Jul 12  2018 pexpect_ftp_better2.py
-rw-r--r--  1 chandrashekar staff  1047 Jun  6  2019 pexpect_ftp_better_exercise.py
-rw-r--r--  1 chandrashekar staff   601 Sep 27  2018 pexpect_ftp_demo.py
-rw-r--r--  1 chandrashekar staff   240 Oct 17  2019 pexpect_ftp_download_run_test.py
-rw-r--r--  1 chandrashekar staff   396 Oct 17  2019 pexpect_ftp_download_test.py
-rw-r--r--  1 chandrashekar staff   617 Dec  3  2018 pexpect_ftp_download_xml.py
-rw-r--r--  1 chandrashekar staff   676 Jul 11  2019 pexpect_ftp_downloader.py
-rw-r--r--  1 chandrashekar staff   584 Jan  9  2019 pexpect_ftp_example.py
-rw-r--r--  1 chandrashekar staff   775 May 31  2018 pexpect_ftp_session.py
-rw-r--r--  1 chandrashekar staff   330 Jan 23 12:09 pexpect_ftp_simple.py
-rw-r--r--  1 chandrashekar staff   926 Nov 27  2019 pexpect_ftp_test.py
-rw-r--r--  1 chandrashekar staff   389 Jan 23 14:00 pexpect_log.log
-rw-r--r--  1 chandrashekar staff   535 Jan  9  2019 pexpect_run.py
-rw-r--r--  1 chandrashekar staff   684 Sep 27  2018 pexpect_run_command.py
-rw-r--r--  1 chandrashekar staff   598 Jan 23 12:40 pexpect_run_command_example.py
-rw-r--r--  1 chandrashekar staff  1177 Jun  6  2019 pexpect_run_session.py
-rw-r--r--  1 chandrashekar staff  1125 Sep 30  2019 pexpect_run_session2.py
-rw-r--r--  1 chandrashekar staff   611 Jun 21  2018 pexpect_send_replies.py
-rw-r--r--  1 chandrashekar staff   699 Nov 27  2019 pexpect_session.py
-rw-r--r--  1 chandrashekar staff   975 Oct 17  2019 pexpect_session_better.py
-rw-r--r--  1 chandrashekar staff   530 Oct 17  2019 pexpect_session_simple.py
-rw-r--r--  1 chandrashekar staff  1155 Aug 20  2018 pexpect_session_yaml.py
-rw-r--r--  1 chandrashekar staff  1029 Jul 11  2019 pexpect_session_yaml_exercise.py
-rw-r--r--  1 chandrashekar staff   730 Dec  3  2018 pexpect_session_yaml_solution.py
-rw-r--r--  1 chandrashekar staff   514 May 31  2018 pexpect_telnet_automate.py
-rw-r--r--  1 chandrashekar staff   735 Jun  6  2019 pexpect_telnet_simple_example.py
-rw-r--r--  1 chandrashekar staff   222 Mar 22  2018 popen_cwd.py
-rw-r--r--  1 chandrashekar staff   176 Nov 30  2017 popen_env_test.py
-rw-r--r--  1 chandrashekar staff   352 Jul 12  2018 popen_ls_getoutput.py
-rw-r--r--  1 chandrashekar staff   218 Jul 12  2018 popen_ls_redir1.py
-rw-r--r--  1 chandrashekar staff   408 Jul 12  2018 popen_ls_silent.py
-rw-r--r--  1 chandrashekar staff   214 Jul 12  2018 popen_ls_test.py
-rw-r--r--  1 chandrashekar staff   208 Nov 16  2017 popen_pipe.py
-rw-r--r--  1 chandrashekar staff   420 Jul 12  2018 popen_run_slow_script.py
-rw-r--r--  1 chandrashekar staff   157 Nov 16  2017 popen_silence_output.py
-rw-r--r--  1 chandrashekar staff   189 Jun  6  2019 popen_simple.py
-rw-r--r--  1 chandrashekar staff   586 Nov 16  2017 popen_test.py
-rw-r--r--  1 chandrashekar staff   222 Nov 30  2017 popen_test1.py
-rw-r--r--  1 chandrashekar staff   232 Nov 30  2017 popen_test2.py
-rw-r--r--  1 chandrashekar staff   439 Nov 30  2017 popen_test3.py
-rw-r--r--  1 chandrashekar staff   183 Nov 30  2017 popen_test4.py
-rw-r--r--  1 chandrashekar staff   203 Jul 11  2019 popen_wait_timeout.py
-rw-r--r--  1 chandrashekar staff   408 Jul 12  2017 print_all_files.py
-rwxr-xr-x  1 chandrashekar staff   124 Jan 23 11:18 print_dots.py
-rwxr-xr-x  1 chandrashekar staff   121 Nov 30  2017 print_sleep_test.py
-rw-r--r--  1 chandrashekar staff   135 Sep 30  2019 process_kill_example.py
-rwxr-xr-x  1 chandrashekar staff    71 Jun 21  2018 progress_test.sh
-rw-r--r--  1 chandrashekar staff  2745 Jul 11  2019 prompt_toolkit_example.py
-rw-r--r--  1 chandrashekar staff   307 Oct  9  2018 pycmd.py
-rw-r--r--  1 chandrashekar staff   754 Oct  9  2018 pycmd_redirectout.py
-rw-r--r--  1 chandrashekar staff   401 Jun 21  2018 pyshell.py
-rw-r--r--  1 chandrashekar staff   419 Oct  3  2017 pyshell_exception.py
-rw-r--r--  1 chandrashekar staff   410 Oct  3  2017 pyshell_exception_old.py
-rw-r--r--  1 chandrashekar staff   553 Jun  6  2019 pyshell_log_output.py
-rw-r--r--  1 chandrashekar staff   269 Jun  6  2019 pyshell_simple.py
-rw-r--r--  1 chandrashekar staff 48815 Jun 25 10:12 python_index_page.html
-rwxr-xr-x  1 chandrashekar staff  1671 Jun 21  2018 random_greeter.py
-rw-r--r--  1 chandrashekar staff   129 Mar 22  2018 redirect_output.py
-rw-r--r--  1 chandrashekar staff   981 Jul 12  2018 ring_buffer.py
-rw-r--r--  1 chandrashekar staff   459 Apr  1  2019 run_and_extract.py
-rw-r--r--  1 chandrashekar staff   590 Jan 23 10:53 run_and_parse.py
-rw-r--r--  1 chandrashekar staff   840 Jun  6  2019 run_and_parse_output.py
-rw-r--r--  1 chandrashekar staff   204 Jan 24  2018 run_bash_shell.py
-rw-r--r--  1 chandrashekar staff   456 Jul 12  2017 run_bc.py
-rw-r--r--  1 chandrashekar staff   181 Jul 19  2017 run_bc_redirect_input.py
-rw-r--r--  1 chandrashekar staff   257 Dec  3  2018 run_bc_test.py
-rw-r--r--  1 chandrashekar staff   369 Sep 27  2018 run_bc_with_files.py
-rw-r--r--  1 chandrashekar staff   220 Sep 27  2018 run_bc_with_pipe.py
-rw-r--r--  1 chandrashekar staff   304 Sep 27  2018 run_bc_with_pipe_text.py
-rw-r--r--  1 chandrashekar staff   586 Jul 12  2018 run_calc_interact.py
-rw-r--r--  1 chandrashekar staff   229 Jul 12  2018 run_calc_simple.py
-rw-r--r--  1 chandrashekar staff   376 Mar 22  2018 run_cmd.py
-rw-r--r--  1 chandrashekar staff   765 Mar 22  2018 run_command.py
-rw-r--r--  1 chandrashekar staff   212 Jun 25 10:18 run_command_and_capture_output.py
-rw-r--r--  1 chandrashekar staff   398 Jul 12  2018 run_command_and_extract.py
-rw-r--r--  1 chandrashekar staff   272 Nov 27  2019 run_command_capture_output.py
-rw-r--r--  1 chandrashekar staff   561 Oct 17  2019 run_command_test.py
-rw-r--r--  1 chandrashekar staff   355 Nov 27  2019 run_command_with_timeout1.py
-rw-r--r--  1 chandrashekar staff   448 Jan  9  2019 run_commands.py
-rw-r--r--  1 chandrashekar staff    44 Sep 30  2019 run_commands.txt
-rw-r--r--  1 chandrashekar staff   218 Nov 27  2019 run_counter.py
-rw-r--r--  1 chandrashekar staff   141 Jan 24  2018 run_countloop.py
-rwxr-xr-x  1 chandrashekar staff    63 May 31  2018 run_countloop.sh
-rw-r--r--  1 chandrashekar staff   305 Nov 16  2017 run_fast_script.py
-rw-r--r--  1 chandrashekar staff   225 Nov 16  2017 run_fast_script_forever.py
-rw-r--r--  1 chandrashekar staff   353 May 31  2018 run_forever.py
-rw-r--r--  1 chandrashekar staff   595 Jul 19  2017 run_ifconfig.py
-rw-r--r--  1 chandrashekar staff   361 Oct  3  2017 run_loop.py
-rw-r--r--  1 chandrashekar staff    83 Jan 23 09:30 run_ls.py
-rw-r--r--  1 chandrashekar staff   189 Jun 21  2018 run_ls1.py
-rw-r--r--  1 chandrashekar staff   305 Jul 11  2019 run_ls2.py
-rw-r--r--  1 chandrashekar staff   208 Jun 21  2018 run_ls3.py
-rw-r--r--  1 chandrashekar staff   240 Jan 23 10:19 run_ls_capture_output.py
-rw-r--r--  1 chandrashekar staff   616 Oct  3  2017 run_ls_capture_output_last_few_lines.py
-rw-r--r--  1 chandrashekar staff   570 Oct  3  2017 run_ls_capture_output_last_few_lines_deque.py
-rw-r--r--  1 chandrashekar staff   202 Apr  1  2019 run_ls_capture_to_file.py
-rw-r--r--  1 chandrashekar staff   272 Sep 27  2018 run_ls_check.py
-rw-r--r--  1 chandrashekar staff    60 Nov 30  2017 run_ls_different_dir.py
-rw-r--r--  1 chandrashekar staff   405 Jan  9  2019 run_ls_modern.py
-rw-r--r--  1 chandrashekar staff   120 Aug 20  2018 run_ls_os_system.py
-rw-r--r--  1 chandrashekar staff   261 Dec  3  2018 run_ls_out.py
-rw-r--r--  1 chandrashekar staff   313 Dec  3  2018 run_ls_out1.py
-rw-r--r--  1 chandrashekar staff   167 Oct  3  2017 run_ls_path.py
-rw-r--r--  1 chandrashekar staff   203 Jan  9  2019 run_ls_pipe.py
-rw-r--r--  1 chandrashekar staff   206 Jul 19  2017 run_ls_popen.py
-rw-r--r--  1 chandrashekar staff   123 May 31  2018 run_ls_redir1.py
-rw-r--r--  1 chandrashekar staff   151 May 31  2018 run_ls_redir2.py
-rw-r--r--  1 chandrashekar staff   134 Oct  3  2017 run_ls_redir_output.py
-rw-r--r--  1 chandrashekar staff   248 Jan  9  2019 run_ls_redirect.py
-rw-r--r--  1 chandrashekar staff   158 Jan 24  2018 run_ls_redirect_output.py
-rw-r--r--  1 chandrashekar staff   112 Oct  3  2017 run_ls_silent.py
-rw-r--r--  1 chandrashekar staff   141 Sep 30  2019 run_ls_simple.py
-rw-r--r--  1 chandrashekar staff   283 Jan 24  2018 run_ls_stdout_stderr.py
-rw-r--r--  1 chandrashekar staff   143 May 25  2017 run_ls_subprocess.py
-rw-r--r--  1 chandrashekar staff    58 May 25  2017 run_ls_subprocess3.py
-rw-r--r--  1 chandrashekar staff   669 Jul 19  2017 run_many_commands.py
-rw-r--r--  1 chandrashekar staff   306 Jan  9  2019 run_python_repl.py
-rw-r--r--  1 chandrashekar staff   344 Jan 23 11:23 run_script.py
-rw-r--r--  1 chandrashekar staff   217 Jul 12  2018 run_shell.py
-rw-r--r--  1 chandrashekar staff   258 Jun 25 09:20 run_simple_command.py
-rw-r--r--  1 chandrashekar staff   274 Jan 23 09:33 run_simple_loop.py
-rw-r--r--  1 chandrashekar staff   541 Jul 11  2019 run_simple_script.py
-rw-r--r--  1 chandrashekar staff   522 Jun  6  2019 run_slow_script.py
-rw-r--r--  1 chandrashekar staff   296 Sep 30  2019 run_slow_script1.py
-rw-r--r--  1 chandrashekar staff   433 Jun  6  2019 run_slow_script_new.py
-rw-r--r--  1 chandrashekar staff   324 Sep 27  2018 run_slow_script_run.py
-rw-r--r--  1 chandrashekar staff   293 Dec  3  2018 run_slow_script_with_timeout1.py
-rw-r--r--  1 chandrashekar staff   126 Jul 11  2019 run_sort.py
-rw-r--r--  1 chandrashekar staff   237 Jul 11  2019 run_sort2.py
-rw-r--r--  1 chandrashekar staff   273 Apr  1  2019 run_sort_command.py
-rw-r--r--  1 chandrashekar staff   205 Oct  9  2018 run_sort_example.py
-rw-r--r--  1 chandrashekar staff   345 Aug 20  2018 run_test.py
-rw-r--r--  1 chandrashekar staff    69 Nov 30  2017 run_test2_py3.py
-rw-r--r--  1 chandrashekar staff   195 Nov 30  2017 run_test_py3.py
-rw-r--r--  1 chandrashekar staff   244 Aug 20  2018 run_testscript.py
-rw-r--r--  1 chandrashekar staff   118 Mar 22  2018 run_vs_popen.py
-rw-r--r--  1 chandrashekar staff   412 Jul 12  2017 run_wc.py
-rw-r--r--  1 chandrashekar staff   209 May 25  2017 run_with_timeout.py
-rw-r--r--  1 chandrashekar staff   160 Oct 17  2019 sftp_session.yml
-rw-r--r--  1 chandrashekar staff   158 Oct 17  2019 sftp_session2.yml
-rw-r--r--  1 chandrashekar staff   149 Oct 17  2019 sftp_session_better.yml
-rw-r--r--  1 chandrashekar staff   271 Dec  3  2018 shell_wrapper.py
-rwxr-xr-x  1 chandrashekar staff    52 Jan 23 11:44 show_env.py
-rw-r--r--  1 chandrashekar staff   209 Dec 20  2017 silence_output.py
-rwxr-xr-x  1 chandrashekar staff    75 Jul 11  2019 simple_loop.sh
-rw-r--r--  1 chandrashekar staff   370 Jul 11  2019 simple_pyshell.py
-rw-r--r--  1 chandrashekar staff   377 Jul 11  2019 simple_pyshell_redir_out.py
-rwxr-xr-x  1 chandrashekar staff    88 Jun 25 09:18 simple_script.sh
-rw-r--r--  1 chandrashekar staff   308 Jun 25 09:52 simple_shell.py
-rw-r--r--  1 chandrashekar staff   512 Jul 12  2018 simple_shell_whitelist.py
-rw-r--r--  1 chandrashekar staff   210 Jun  6  2019 simple_telnet_session.yml
-rwxr-xr-x  1 chandrashekar staff   121 Mar 22  2018 slow_script.py
-rwxr-xr-x  1 chandrashekar staff   103 Oct 17  2019 slow_script.sh
-rw-r--r--  1 chandrashekar staff  1025 Jul 11  2019 ssh_exec_multihosts.py
-rw-r--r--  1 chandrashekar staff   598 Jul 11  2019 ssh_parse_logs_exercise.py
-rw-r--r--  1 chandrashekar staff   204 Jul 11  2019 ssh_session.yml
-rw-r--r--  1 chandrashekar staff   475 Sep 27  2018 ssh_simple.py
drwxr-xr-x 22 chandrashekar staff   704 Sep 27  2018 subprocess
-rw-r--r--  1 chandrashekar staff   202 Dec 20  2017 subprocess_error_handling1.py
-rw-r--r--  1 chandrashekar staff   256 Sep  7  2017 subprocess_ls.py
-rw-r--r--  1 chandrashekar staff   190 Dec 20  2017 subprocess_ls_test.py
drwxr-xr-x 86 chandrashekar staff  2752 Aug 20  2018 subprocess_old
-rw-r--r--  1 chandrashekar staff   301 Jul 11  2019 subprocess_run_test.py
-rw-r--r--  1 chandrashekar staff   180 Nov 27  2019 subprocess_simple.py
-rw-r--r--  1 chandrashekar staff    49 Oct  9  2018 system_example.py
-rw-r--r--  1 chandrashekar staff   717 Aug 20  2018 telnet.log
-rw-r--r--  1 chandrashekar staff   538 Apr  1  2019 telnet_example.py
-rw-r--r--  1 chandrashekar staff   511 Sep 27  2017 telnet_example2.py
-rw-r--r--  1 chandrashekar staff   263 Apr  1  2019 telnet_pexpect.log
-rw-r--r--  1 chandrashekar staff   397 Aug 20  2018 telnet_pexpect_test.py
-rw-r--r--  1 chandrashekar staff   251 Nov 27  2019 telnet_session.yml
-rw-r--r--  1 chandrashekar staff   217 Dec  3  2018 telnet_session2.yml
-rw-r--r--  1 chandrashekar staff   315 Nov 27  2019 telnet_simple.py
drwxr-xr-x 30 chandrashekar staff   960 Jan 23 15:13 telnetlib
drwxr-xr-x  4 chandrashekar staff   128 Nov 27  2019 test
-rw-r--r--  1 chandrashekar staff    21 Sep 27  2018 test.py
-rw-r--r--  1 chandrashekar staff    73 Jan  9  2019 test.txt
-rw-r--r--  1 chandrashekar staff   148 Jun  6  2019 test_dummy_script.py
-rw-r--r--  1 chandrashekar staff   152 Dec  3  2018 testdata.py
drwxr-xr-x  8 chandrashekar staff   256 Jun 25 10:08 testfolder
-rwxr-xr-x  1 chandrashekar staff   120 Aug 20  2018 testscript.py
-rw-r--r--  1 chandrashekar staff   170 Jul 11  2019 tqdm_example.py
-rw-r--r--  1 chandrashekar staff   133 Oct 17  2019 tqdm_test.py
-rw-r--r--  1 chandrashekar staff   842 Jun  6  2019 transcript.log
-rw-r--r--  1 chandrashekar staff   170 Jun  6  2019 watch_audit.py
-rw-r--r--  1 chandrashekar staff   503 Jun 25 10:09 wget.out
