Connected to ftp.chandrashekar.info.
220 192.252.149.39 FTP server ready
Name (ftp.chandrashekar.info:chandrashekar): testuser
testuser
331 Password required for testuser
Password: w3lc0me

230 User testuser logged in
Remote system type is UNIX.
Using binary mode to transfer files.
ftp> cd /www/files/python
cd /www/files/python
250 CWD command successful
ftp> get may27.zip
get may27.zip
local: may27.zip remote: may27.zip
229 Entering Extended Passive Mode (|||11987|)
150 Opening BINARY mode data connection for may27.zip (97496 bytes)
  0% |                                   |     0        0.00 KiB/s    --:-- ETA100% |***********************************| 97496      106.66 KiB/s    00:00 ETA
226 Transfer complete
97496 bytes received in 00:01 (82.86 KiB/s)
ftp> quit
